<?xml version="1.0" encoding="UTF-8"?>
<!-- Generated by org.testng.reporters.JUnitReportReporter -->
<testsuite hostname="Pramod-Yadav" failures="0" tests="1" name="com.test.devnagari.TC_Login_Page" time="8.363" errors="0" timestamp="2023-06-06T14:10:13 IST" skipped="0">
  <testcase classname="com.test.devnagari.TC_Login_Page" name="LoginPage" time="8.363"/>
  <system-out/>
</testsuite> <!-- com.test.devnagari.TC_Login_Page -->
